# JRE version: OpenJDK Runtime Environment Zulu17.44+15-CA (17.0.8+7) (build 17.0.8+7-LTS)
# Java VM: OpenJDK 64-Bit Server VM Zulu17.44+15-CA (17.0.8+7-LTS, mixed mode, sharing, tiered, compressed oops, compressed class ptrs, g1 gc, windows-amd64)
GC Precious Log:
 CPUs: 8 total, 8 available
 Memory: 8056M
 Large Page Support: Disabled
 NUMA Support: Disabled
 Compressed Oops: Enabled (32-bit)
 Heap Region Size: 1M
 Heap Min Capacity: 8M
 Heap Initial Capacity: 126M
 Heap Max Capacity: 2016M
 Pre-touch: Disabled
 Parallel Workers: 8
 Concurrent Workers: 2
 Concurrent Refinement Workers: 8
 Periodic GC: Disabled
Heap:
 garbage-first heap   total 66560K, used 46239K [0x0000000082000000, 0x0000000100000000)
  region size 1024K, 19 young (19456K), 2 survivors (2048K)
 Metaspace       used 63751K, committed 64320K, reserved 1114112K
  class space    used 8663K, committed 8960K, reserved 1048576K
GC Heap History (20 events):
Event: 6.070 GC heap before
{Heap before GC invocations=10 (full 0):
 garbage-first heap   total 51200K, used 38679K [0x0000000082000000, 0x0000000100000000)
  region size 1024K, 21 young (21504K), 3 survivors (3072K)
 Metaspace       used 35267K, committed 35776K, reserved 1114112K
  class space    used 4480K, committed 4736K, reserved 1048576K
}
Event: 6.075 GC heap after
{Heap after GC invocations=11 (full 0):
 garbage-first heap   total 51200K, used 21368K [0x0000000082000000, 0x0000000100000000)
  region size 1024K, 3 young (3072K), 3 survivors (3072K)
 Metaspace       used 35267K, committed 35776K, reserved 1114112K
  class space    used 4480K, committed 4736K, reserved 1048576K
}
Event: 6.119 GC heap before
{Heap before GC invocations=11 (full 0):
 garbage-first heap   total 51200K, used 22392K [0x0000000082000000, 0x0000000100000000)
  region size 1024K, 5 young (5120K), 3 survivors (3072K)
 Metaspace       used 35468K, committed 35968K, reserved 1114112K
  class space    used 4527K, committed 4800K, reserved 1048576K
}
Event: 6.122 GC heap after
{Heap after GC invocations=12 (full 0):
 garbage-first heap   total 66560K, used 21512K [0x0000000082000000, 0x0000000100000000)
  region size 1024K, 2 young (2048K), 2 survivors (2048K)
 Metaspace       used 35468K, committed 35968K, reserved 1114112K
  class space    used 4527K, committed 4800K, reserved 1048576K
}
Event: 7.482 GC heap before
{Heap before GC invocations=13 (full 0):
 garbage-first heap   total 66560K, used 51208K [0x0000000082000000, 0x0000000100000000)
  region size 1024K, 31 young (31744K), 2 survivors (2048K)
 Metaspace       used 43283K, committed 43776K, reserved 1114112K
  class space    used 5667K, committed 5888K, reserved 1048576K
}
Event: 7.487 GC heap after
{Heap after GC invocations=14 (full 0):
 garbage-first heap   total 66560K, used 23025K [0x0000000082000000, 0x0000000100000000)
  region size 1024K, 3 young (3072K), 3 survivors (3072K)
 Metaspace       used 43283K, committed 43776K, reserved 1114112K
  class space    used 5667K, committed 5888K, reserved 1048576K
}
Event: 7.540 GC heap before
{Heap before GC invocations=14 (full 0):
 garbage-first heap   total 66560K, used 23025K [0x0000000082000000, 0x0000000100000000)
  region size 1024K, 4 young (4096K), 3 survivors (3072K)
 Metaspace       used 43453K, committed 43904K, reserved 1114112K
  class space    used 5678K, committed 5888K, reserved 1048576K
}
Event: 7.548 GC heap after
{Heap after GC invocations=15 (full 0):
 garbage-first heap   total 66560K, used 22924K [0x0000000082000000, 0x0000000100000000)
  region size 1024K, 1 young (1024K), 1 survivors (1024K)
 Metaspace       used 43453K, committed 43904K, reserved 1114112K
  class space    used 5678K, committed 5888K, reserved 1048576K
}
Event: 8.783 GC heap before
{Heap before GC invocations=15 (full 0):
 garbage-first heap   total 66560K, used 51596K [0x0000000082000000, 0x0000000100000000)
  region size 1024K, 29 young (29696K), 1 survivors (1024K)
 Metaspace       used 50318K, committed 50752K, reserved 1114112K
  class space    used 6573K, committed 6784K, reserved 1048576K
}
Event: 8.786 GC heap after
{Heap after GC invocations=16 (full 0):
 garbage-first heap   total 66560K, used 23998K [0x0000000082000000, 0x0000000100000000)
  region size 1024K, 2 young (2048K), 2 survivors (2048K)
 Metaspace       used 50318K, committed 50752K, reserved 1114112K
  class space    used 6573K, committed 6784K, reserved 1048576K
}
Event: 9.925 GC heap before
{Heap before GC invocations=16 (full 0):
 garbage-first heap   total 66560K, used 51646K [0x0000000082000000, 0x0000000100000000)
  region size 1024K, 30 young (30720K), 2 survivors (2048K)
 Metaspace       used 58234K, committed 58752K, reserved 1114112K
  class space    used 7901K, committed 8128K, reserved 1048576K
}
Event: 9.929 GC heap after
{Heap after GC invocations=17 (full 0):
 garbage-first heap   total 66560K, used 25193K [0x0000000082000000, 0x0000000100000000)
  region size 1024K, 3 young (3072K), 3 survivors (3072K)
 Metaspace       used 58234K, committed 58752K, reserved 1114112K
  class space    used 7901K, committed 8128K, reserved 1048576K
}
Event: 10.284 GC heap before
{Heap before GC invocations=17 (full 0):
 garbage-first heap   total 66560K, used 38505K [0x0000000082000000, 0x0000000100000000)
  region size 1024K, 17 young (17408K), 3 survivors (3072K)
 Metaspace       used 59695K, committed 60160K, reserved 1114112K
  class space    used 8028K, committed 8256K, reserved 1048576K
}
Event: 10.291 GC heap after
{Heap after GC invocations=18 (full 0):
 garbage-first heap   total 66560K, used 26683K [0x0000000082000000, 0x0000000100000000)
  region size 1024K, 3 young (3072K), 3 survivors (3072K)
 Metaspace       used 59695K, committed 60160K, reserved 1114112K
  class space    used 8028K, committed 8256K, reserved 1048576K
}
Event: 11.000 GC heap before
{Heap before GC invocations=19 (full 0):
 garbage-first heap   total 66560K, used 52283K [0x0000000082000000, 0x0000000100000000)
  region size 1024K, 29 young (29696K), 3 survivors (3072K)
 Metaspace       used 61326K, committed 61824K, reserved 1114112K
  class space    used 8328K, committed 8512K, reserved 1048576K
}
Event: 11.005 GC heap after
{Heap after GC invocations=20 (full 0):
 garbage-first heap   total 66560K, used 28239K [0x0000000082000000, 0x0000000100000000)
  region size 1024K, 3 young (3072K), 3 survivors (3072K)
 Metaspace       used 61326K, committed 61824K, reserved 1114112K
  class space    used 8328K, committed 8512K, reserved 1048576K
}
Event: 11.034 GC heap before
{Heap before GC invocations=20 (full 0):
 garbage-first heap   total 66560K, used 29263K [0x0000000082000000, 0x0000000100000000)
  region size 1024K, 4 young (4096K), 3 survivors (3072K)
 Metaspace       used 61551K, committed 62080K, reserved 1114112K
  class space    used 8350K, committed 8576K, reserved 1048576K
}
Event: 11.041 GC heap after
{Heap after GC invocations=21 (full 0):
 garbage-first heap   total 66560K, used 28347K [0x0000000082000000, 0x0000000100000000)
  region size 1024K, 1 young (1024K), 1 survivors (1024K)
 Metaspace       used 61551K, committed 62080K, reserved 1114112K
  class space    used 8350K, committed 8576K, reserved 1048576K
}
Event: 11.506 GC heap before
{Heap before GC invocations=21 (full 0):
 garbage-first heap   total 66560K, used 52923K [0x0000000082000000, 0x0000000100000000)
  region size 1024K, 25 young (25600K), 1 survivors (1024K)
 Metaspace       used 63009K, committed 63616K, reserved 1114112K
  class space    used 8544K, committed 8832K, reserved 1048576K
}
Event: 11.509 GC heap after
{Heap after GC invocations=22 (full 0):
 garbage-first heap   total 66560K, used 29855K [0x0000000082000000, 0x0000000100000000)
  region size 1024K, 2 young (2048K), 2 survivors (2048K)
 Metaspace       used 63009K, committed 63616K, reserved 1114112K
  class space    used 8544K, committed 8832K, reserved 1048576K
}

