# JRE version: OpenJDK Runtime Environment Temurin-17.0.10+7 (17.0.10+7) (build 17.0.10+7)
# Java VM: OpenJDK 64-Bit Server VM Temurin-17.0.10+7 (17.0.10+7, mixed mode, emulated-client, tiered, compressed oops, compressed class ptrs, g1 gc, windows-amd64)
GC Precious Log:
 CPUs: 8 total, 8 available
 Memory: 8056M
 Large Page Support: Disabled
 NUMA Support: Disabled
 Compressed Oops: Enabled (32-bit)
 Heap Region Size: 1M
 Heap Min Capacity: 8M
 Heap Initial Capacity: 126M
 Heap Max Capacity: 1G
 Pre-touch: Disabled
 Parallel Workers: 8
 Concurrent Workers: 2
 Concurrent Refinement Workers: 8
 Periodic GC: Disabled
Heap:
 garbage-first heap   total 75776K, used 24339K [0x00000000c0000000, 0x0000000100000000)
  region size 1024K, 1 young (1024K), 0 survivors (0K)
 Metaspace       used 39434K, committed 39936K, reserved 1114112K
  class space    used 5216K, committed 5440K, reserved 1048576K
GC Heap History (20 events):
Event: 40670.358 GC heap before
{Heap before GC invocations=3994 (full 3985):
 garbage-first heap   total 75776K, used 24339K [0x00000000c0000000, 0x0000000100000000)
  region size 1024K, 1 young (1024K), 0 survivors (0K)
 Metaspace       used 39434K, committed 39936K, reserved 1114112K
  class space    used 5216K, committed 5440K, reserved 1048576K
}
Event: 40670.391 GC heap after
{Heap after GC invocations=3995 (full 3986):
 garbage-first heap   total 75776K, used 24339K [0x00000000c0000000, 0x0000000100000000)
  region size 1024K, 0 young (0K), 0 survivors (0K)
 Metaspace       used 39434K, committed 39936K, reserved 1114112K
  class space    used 5216K, committed 5440K, reserved 1048576K
}
Event: 40680.615 GC heap before
{Heap before GC invocations=3995 (full 3986):
 garbage-first heap   total 75776K, used 24339K [0x00000000c0000000, 0x0000000100000000)
  region size 1024K, 1 young (1024K), 0 survivors (0K)
 Metaspace       used 39434K, committed 39936K, reserved 1114112K
  class space    used 5216K, committed 5440K, reserved 1048576K
}
Event: 40680.645 GC heap after
{Heap after GC invocations=3996 (full 3987):
 garbage-first heap   total 75776K, used 24339K [0x00000000c0000000, 0x0000000100000000)
  region size 1024K, 0 young (0K), 0 survivors (0K)
 Metaspace       used 39434K, committed 39936K, reserved 1114112K
  class space    used 5216K, committed 5440K, reserved 1048576K
}
Event: 40690.842 GC heap before
{Heap before GC invocations=3996 (full 3987):
 garbage-first heap   total 75776K, used 24339K [0x00000000c0000000, 0x0000000100000000)
  region size 1024K, 1 young (1024K), 0 survivors (0K)
 Metaspace       used 39434K, committed 39936K, reserved 1114112K
  class space    used 5216K, committed 5440K, reserved 1048576K
}
Event: 40690.869 GC heap after
{Heap after GC invocations=3997 (full 3988):
 garbage-first heap   total 75776K, used 24339K [0x00000000c0000000, 0x0000000100000000)
  region size 1024K, 0 young (0K), 0 survivors (0K)
 Metaspace       used 39434K, committed 39936K, reserved 1114112K
  class space    used 5216K, committed 5440K, reserved 1048576K
}
Event: 40701.086 GC heap before
{Heap before GC invocations=3997 (full 3988):
 garbage-first heap   total 75776K, used 24339K [0x00000000c0000000, 0x0000000100000000)
  region size 1024K, 1 young (1024K), 0 survivors (0K)
 Metaspace       used 39434K, committed 39936K, reserved 1114112K
  class space    used 5216K, committed 5440K, reserved 1048576K
}
Event: 40701.109 GC heap after
{Heap after GC invocations=3998 (full 3989):
 garbage-first heap   total 75776K, used 24339K [0x00000000c0000000, 0x0000000100000000)
  region size 1024K, 0 young (0K), 0 survivors (0K)
 Metaspace       used 39434K, committed 39936K, reserved 1114112K
  class space    used 5216K, committed 5440K, reserved 1048576K
}
Event: 40711.477 GC heap before
{Heap before GC invocations=3998 (full 3989):
 garbage-first heap   total 75776K, used 24339K [0x00000000c0000000, 0x0000000100000000)
  region size 1024K, 1 young (1024K), 0 survivors (0K)
 Metaspace       used 39434K, committed 39936K, reserved 1114112K
  class space    used 5216K, committed 5440K, reserved 1048576K
}
Event: 40711.504 GC heap after
{Heap after GC invocations=3999 (full 3990):
 garbage-first heap   total 75776K, used 24339K [0x00000000c0000000, 0x0000000100000000)
  region size 1024K, 0 young (0K), 0 survivors (0K)
 Metaspace       used 39434K, committed 39936K, reserved 1114112K
  class space    used 5216K, committed 5440K, reserved 1048576K
}
Event: 40721.737 GC heap before
{Heap before GC invocations=3999 (full 3990):
 garbage-first heap   total 75776K, used 24339K [0x00000000c0000000, 0x0000000100000000)
  region size 1024K, 1 young (1024K), 0 survivors (0K)
 Metaspace       used 39434K, committed 39936K, reserved 1114112K
  class space    used 5216K, committed 5440K, reserved 1048576K
}
Event: 40721.763 GC heap after
{Heap after GC invocations=4000 (full 3991):
 garbage-first heap   total 75776K, used 24339K [0x00000000c0000000, 0x0000000100000000)
  region size 1024K, 0 young (0K), 0 survivors (0K)
 Metaspace       used 39434K, committed 39936K, reserved 1114112K
  class space    used 5216K, committed 5440K, reserved 1048576K
}
Event: 40732.199 GC heap before
{Heap before GC invocations=4000 (full 3991):
 garbage-first heap   total 75776K, used 24339K [0x00000000c0000000, 0x0000000100000000)
  region size 1024K, 1 young (1024K), 0 survivors (0K)
 Metaspace       used 39434K, committed 39936K, reserved 1114112K
  class space    used 5216K, committed 5440K, reserved 1048576K
}
Event: 40732.226 GC heap after
{Heap after GC invocations=4001 (full 3992):
 garbage-first heap   total 75776K, used 24339K [0x00000000c0000000, 0x0000000100000000)
  region size 1024K, 0 young (0K), 0 survivors (0K)
 Metaspace       used 39434K, committed 39936K, reserved 1114112K
  class space    used 5216K, committed 5440K, reserved 1048576K
}
Event: 40742.424 GC heap before
{Heap before GC invocations=4001 (full 3992):
 garbage-first heap   total 75776K, used 24339K [0x00000000c0000000, 0x0000000100000000)
  region size 1024K, 1 young (1024K), 0 survivors (0K)
 Metaspace       used 39434K, committed 39936K, reserved 1114112K
  class space    used 5216K, committed 5440K, reserved 1048576K
}
Event: 40742.453 GC heap after
{Heap after GC invocations=4002 (full 3993):
 garbage-first heap   total 75776K, used 24339K [0x00000000c0000000, 0x0000000100000000)
  region size 1024K, 0 young (0K), 0 survivors (0K)
 Metaspace       used 39434K, committed 39936K, reserved 1114112K
  class space    used 5216K, committed 5440K, reserved 1048576K
}
Event: 40752.856 GC heap before
{Heap before GC invocations=4002 (full 3993):
 garbage-first heap   total 75776K, used 24339K [0x00000000c0000000, 0x0000000100000000)
  region size 1024K, 1 young (1024K), 0 survivors (0K)
 Metaspace       used 39434K, committed 39936K, reserved 1114112K
  class space    used 5216K, committed 5440K, reserved 1048576K
}
Event: 40752.884 GC heap after
{Heap after GC invocations=4003 (full 3994):
 garbage-first heap   total 75776K, used 24339K [0x00000000c0000000, 0x0000000100000000)
  region size 1024K, 0 young (0K), 0 survivors (0K)
 Metaspace       used 39434K, committed 39936K, reserved 1114112K
  class space    used 5216K, committed 5440K, reserved 1048576K
}
Event: 40763.101 GC heap before
{Heap before GC invocations=4003 (full 3994):
 garbage-first heap   total 75776K, used 24339K [0x00000000c0000000, 0x0000000100000000)
  region size 1024K, 1 young (1024K), 0 survivors (0K)
 Metaspace       used 39434K, committed 39936K, reserved 1114112K
  class space    used 5216K, committed 5440K, reserved 1048576K
}
Event: 40763.123 GC heap after
{Heap after GC invocations=4004 (full 3995):
 garbage-first heap   total 75776K, used 24339K [0x00000000c0000000, 0x0000000100000000)
  region size 1024K, 0 young (0K), 0 survivors (0K)
 Metaspace       used 39434K, committed 39936K, reserved 1114112K
  class space    used 5216K, committed 5440K, reserved 1048576K
}

