# JRE version: OpenJDK Runtime Environment Zulu17.44+15-CA (17.0.8+7) (build 17.0.8+7-LTS)
# Java VM: OpenJDK 64-Bit Server VM Zulu17.44+15-CA (17.0.8+7-LTS, mixed mode, sharing, tiered, compressed oops, compressed class ptrs, g1 gc, windows-amd64)
GC Precious Log:
 CPUs: 8 total, 8 available
 Memory: 8056M
 Large Page Support: Disabled
 NUMA Support: Disabled
 Compressed Oops: Enabled (32-bit)
 Heap Region Size: 1M
 Heap Min Capacity: 8M
 Heap Initial Capacity: 126M
 Heap Max Capacity: 2016M
 Pre-touch: Disabled
 Parallel Workers: 8
 Concurrent Workers: 2
 Concurrent Refinement Workers: 8
 Periodic GC: Disabled
Heap:
 garbage-first heap   total 51200K, used 22051K [0x0000000082000000, 0x0000000100000000)
  region size 1024K, 6 young (6144K), 3 survivors (3072K)
 Metaspace       used 33274K, committed 33664K, reserved 1114112K
  class space    used 4218K, committed 4416K, reserved 1048576K
GC Heap History (14 events):
Event: 2.898 GC heap before
{Heap before GC invocations=0 (full 0):
 garbage-first heap   total 129024K, used 23552K [0x0000000082000000, 0x0000000100000000)
  region size 1024K, 23 young (23552K), 0 survivors (0K)
 Metaspace       used 5260K, committed 5440K, reserved 1114112K
  class space    used 578K, committed 704K, reserved 1048576K
}
Event: 2.906 GC heap after
{Heap after GC invocations=1 (full 0):
 garbage-first heap   total 129024K, used 7307K [0x0000000082000000, 0x0000000100000000)
  region size 1024K, 3 young (3072K), 3 survivors (3072K)
 Metaspace       used 5260K, committed 5440K, reserved 1114112K
  class space    used 578K, committed 704K, reserved 1048576K
}
Event: 3.758 GC heap before
{Heap before GC invocations=1 (full 0):
 garbage-first heap   total 129024K, used 32907K [0x0000000082000000, 0x0000000100000000)
  region size 1024K, 29 young (29696K), 3 survivors (3072K)
 Metaspace       used 12124K, committed 12416K, reserved 1114112K
  class space    used 1450K, committed 1600K, reserved 1048576K
}
Event: 3.766 GC heap after
{Heap after GC invocations=2 (full 0):
 garbage-first heap   total 129024K, used 9440K [0x0000000082000000, 0x0000000100000000)
  region size 1024K, 3 young (3072K), 3 survivors (3072K)
 Metaspace       used 12124K, committed 12416K, reserved 1114112K
  class space    used 1450K, committed 1600K, reserved 1048576K
}
Event: 5.645 GC heap before
{Heap before GC invocations=2 (full 0):
 garbage-first heap   total 129024K, used 71904K [0x0000000082000000, 0x0000000100000000)
  region size 1024K, 65 young (66560K), 3 survivors (3072K)
 Metaspace       used 21240K, committed 21504K, reserved 1114112K
  class space    used 2586K, committed 2752K, reserved 1048576K
}
Event: 5.655 GC heap after
{Heap after GC invocations=3 (full 0):
 garbage-first heap   total 129024K, used 13989K [0x0000000082000000, 0x0000000100000000)
  region size 1024K, 7 young (7168K), 7 survivors (7168K)
 Metaspace       used 21240K, committed 21504K, reserved 1114112K
  class space    used 2586K, committed 2752K, reserved 1048576K
}
Event: 6.484 GC heap before
{Heap before GC invocations=4 (full 0):
 garbage-first heap   total 51200K, used 37541K [0x0000000082000000, 0x0000000100000000)
  region size 1024K, 30 young (30720K), 7 survivors (7168K)
 Metaspace       used 24368K, committed 24640K, reserved 1114112K
  class space    used 3066K, committed 3200K, reserved 1048576K
}
Event: 6.494 GC heap after
{Heap after GC invocations=5 (full 0):
 garbage-first heap   total 51200K, used 15912K [0x0000000082000000, 0x0000000100000000)
  region size 1024K, 3 young (3072K), 3 survivors (3072K)
 Metaspace       used 24368K, committed 24640K, reserved 1114112K
  class space    used 3066K, committed 3200K, reserved 1048576K
}
Event: 6.514 GC heap before
{Heap before GC invocations=5 (full 0):
 garbage-first heap   total 51200K, used 16936K [0x0000000082000000, 0x0000000100000000)
  region size 1024K, 4 young (4096K), 3 survivors (3072K)
 Metaspace       used 24431K, committed 24768K, reserved 1114112K
  class space    used 3074K, committed 3264K, reserved 1048576K
}
Event: 6.519 GC heap after
{Heap after GC invocations=6 (full 0):
 garbage-first heap   total 51200K, used 16211K [0x0000000082000000, 0x0000000100000000)
  region size 1024K, 1 young (1024K), 1 survivors (1024K)
 Metaspace       used 24431K, committed 24768K, reserved 1114112K
  class space    used 3074K, committed 3264K, reserved 1048576K
}
Event: 7.279 GC heap before
{Heap before GC invocations=6 (full 0):
 garbage-first heap   total 51200K, used 35667K [0x0000000082000000, 0x0000000100000000)
  region size 1024K, 20 young (20480K), 1 survivors (1024K)
 Metaspace       used 28720K, committed 29120K, reserved 1114112K
  class space    used 3619K, committed 3840K, reserved 1048576K
}
Event: 7.284 GC heap after
{Heap after GC invocations=7 (full 0):
 garbage-first heap   total 51200K, used 17471K [0x0000000082000000, 0x0000000100000000)
  region size 1024K, 2 young (2048K), 2 survivors (2048K)
 Metaspace       used 28720K, committed 29120K, reserved 1114112K
  class space    used 3619K, committed 3840K, reserved 1048576K
}
Event: 7.881 GC heap before
{Heap before GC invocations=7 (full 0):
 garbage-first heap   total 51200K, used 36927K [0x0000000082000000, 0x0000000100000000)
  region size 1024K, 21 young (21504K), 2 survivors (2048K)
 Metaspace       used 31192K, committed 31552K, reserved 1114112K
  class space    used 3932K, committed 4096K, reserved 1048576K
}
Event: 7.886 GC heap after
{Heap after GC invocations=8 (full 0):
 garbage-first heap   total 51200K, used 18874K [0x0000000082000000, 0x0000000100000000)
  region size 1024K, 2 young (2048K), 2 survivors (2048K)
 Metaspace       used 31192K, committed 31552K, reserved 1114112K
  class space    used 3932K, committed 4096K, reserved 1048576K
}

