# JRE version: OpenJDK Runtime Environment Zulu17.44+15-CA (17.0.8+7) (build 17.0.8+7-LTS)
# Java VM: OpenJDK 64-Bit Server VM Zulu17.44+15-CA (17.0.8+7-LTS, mixed mode, sharing, tiered, compressed oops, compressed class ptrs, g1 gc, windows-amd64)
GC Precious Log:
 CPUs: 8 total, 8 available
 Memory: 8056M
 Large Page Support: Disabled
 NUMA Support: Disabled
 Compressed Oops: Enabled (32-bit)
 Heap Region Size: 1M
 Heap Min Capacity: 8M
 Heap Initial Capacity: 126M
 Heap Max Capacity: 2016M
 Pre-touch: Disabled
 Parallel Workers: 8
 Concurrent Workers: 2
 Concurrent Refinement Workers: 8
 Periodic GC: Disabled
Heap:
 garbage-first heap   total 192512K, used 119446K [0x0000000082000000, 0x0000000100000000)
  region size 1024K, 73 young (74752K), 6 survivors (6144K)
 Metaspace       used 76921K, committed 77568K, reserved 1179648K
  class space    used 10093K, committed 10368K, reserved 1048576K
GC Heap History (20 events):
Event: 61252.232 GC heap before
{Heap before GC invocations=108 (full 1):
 garbage-first heap   total 97280K, used 76716K [0x0000000082000000, 0x0000000100000000)
  region size 1024K, 43 young (44032K), 6 survivors (6144K)
 Metaspace       used 76209K, committed 76800K, reserved 1179648K
  class space    used 10057K, committed 10368K, reserved 1048576K
}
Event: 61252.251 GC heap after
{Heap after GC invocations=109 (full 1):
 garbage-first heap   total 97280K, used 41635K [0x0000000082000000, 0x0000000100000000)
  region size 1024K, 4 young (4096K), 4 survivors (4096K)
 Metaspace       used 76209K, committed 76800K, reserved 1179648K
  class space    used 10057K, committed 10368K, reserved 1048576K
}
Event: 61455.595 GC heap before
{Heap before GC invocations=110 (full 1):
 garbage-first heap   total 97280K, used 76451K [0x0000000082000000, 0x0000000100000000)
  region size 1024K, 38 young (38912K), 4 survivors (4096K)
 Metaspace       used 76265K, committed 76864K, reserved 1179648K
  class space    used 10060K, committed 10368K, reserved 1048576K
}
Event: 61455.822 GC heap after
{Heap after GC invocations=111 (full 1):
 garbage-first heap   total 97280K, used 44015K [0x0000000082000000, 0x0000000100000000)
  region size 1024K, 3 young (3072K), 3 survivors (3072K)
 Metaspace       used 76265K, committed 76864K, reserved 1179648K
  class space    used 10060K, committed 10368K, reserved 1048576K
}
Event: 61456.089 GC heap before
{Heap before GC invocations=111 (full 1):
 garbage-first heap   total 97280K, used 45039K [0x0000000082000000, 0x0000000100000000)
  region size 1024K, 4 young (4096K), 3 survivors (3072K)
 Metaspace       used 76268K, committed 76864K, reserved 1179648K
  class space    used 10060K, committed 10368K, reserved 1048576K
}
Event: 61456.116 GC heap after
{Heap after GC invocations=112 (full 1):
 garbage-first heap   total 97280K, used 42665K [0x0000000082000000, 0x0000000100000000)
  region size 1024K, 1 young (1024K), 1 survivors (1024K)
 Metaspace       used 76268K, committed 76864K, reserved 1179648K
  class space    used 10060K, committed 10368K, reserved 1048576K
}
Event: 61459.420 GC heap before
{Heap before GC invocations=112 (full 1):
 garbage-first heap   total 97280K, used 76457K [0x0000000082000000, 0x0000000100000000)
  region size 1024K, 34 young (34816K), 1 survivors (1024K)
 Metaspace       used 76304K, committed 76928K, reserved 1179648K
  class space    used 10062K, committed 10368K, reserved 1048576K
}
Event: 61459.442 GC heap after
{Heap after GC invocations=113 (full 1):
 garbage-first heap   total 97280K, used 44811K [0x0000000082000000, 0x0000000100000000)
  region size 1024K, 3 young (3072K), 3 survivors (3072K)
 Metaspace       used 76304K, committed 76928K, reserved 1179648K
  class space    used 10062K, committed 10368K, reserved 1048576K
}
Event: 61463.027 GC heap before
{Heap before GC invocations=114 (full 1):
 garbage-first heap   total 97280K, used 76555K [0x0000000082000000, 0x0000000100000000)
  region size 1024K, 35 young (35840K), 3 survivors (3072K)
 Metaspace       used 76410K, committed 77056K, reserved 1179648K
  class space    used 10069K, committed 10368K, reserved 1048576K
}
Event: 61463.054 GC heap after
{Heap after GC invocations=115 (full 1):
 garbage-first heap   total 97280K, used 46302K [0x0000000082000000, 0x0000000100000000)
  region size 1024K, 2 young (2048K), 2 survivors (2048K)
 Metaspace       used 76410K, committed 77056K, reserved 1179648K
  class space    used 10069K, committed 10368K, reserved 1048576K
}
Event: 61463.153 GC heap before
{Heap before GC invocations=115 (full 1):
 garbage-first heap   total 97280K, used 48350K [0x0000000082000000, 0x0000000100000000)
  region size 1024K, 4 young (4096K), 2 survivors (2048K)
 Metaspace       used 76483K, committed 77120K, reserved 1179648K
  class space    used 10073K, committed 10368K, reserved 1048576K
}
Event: 61463.179 GC heap after
{Heap after GC invocations=116 (full 1):
 garbage-first heap   total 97280K, used 43772K [0x0000000082000000, 0x0000000100000000)
  region size 1024K, 1 young (1024K), 1 survivors (1024K)
 Metaspace       used 76483K, committed 77120K, reserved 1179648K
  class space    used 10073K, committed 10368K, reserved 1048576K
}
Event: 61463.777 GC heap before
{Heap before GC invocations=116 (full 1):
 garbage-first heap   total 97280K, used 77564K [0x0000000082000000, 0x0000000100000000)
  region size 1024K, 34 young (34816K), 1 survivors (1024K)
 Metaspace       used 76553K, committed 77184K, reserved 1179648K
  class space    used 10076K, committed 10368K, reserved 1048576K
}
Event: 61463.784 GC heap after
{Heap after GC invocations=117 (full 1):
 garbage-first heap   total 97280K, used 45159K [0x0000000082000000, 0x0000000100000000)
  region size 1024K, 2 young (2048K), 2 survivors (2048K)
 Metaspace       used 76553K, committed 77184K, reserved 1179648K
  class space    used 10076K, committed 10368K, reserved 1048576K
}
Event: 61464.515 GC heap before
{Heap before GC invocations=118 (full 1):
 garbage-first heap   total 97280K, used 78951K [0x0000000082000000, 0x0000000100000000)
  region size 1024K, 35 young (35840K), 2 survivors (2048K)
 Metaspace       used 76576K, committed 77184K, reserved 1179648K
  class space    used 10076K, committed 10368K, reserved 1048576K
}
Event: 61464.520 GC heap after
{Heap after GC invocations=119 (full 1):
 garbage-first heap   total 97280K, used 46506K [0x0000000082000000, 0x0000000100000000)
  region size 1024K, 3 young (3072K), 3 survivors (3072K)
 Metaspace       used 76576K, committed 77184K, reserved 1179648K
  class space    used 10076K, committed 10368K, reserved 1048576K
}
Event: 61464.532 GC heap before
{Heap before GC invocations=119 (full 1):
 garbage-first heap   total 97280K, used 47530K [0x0000000082000000, 0x0000000100000000)
  region size 1024K, 4 young (4096K), 3 survivors (3072K)
 Metaspace       used 76577K, committed 77184K, reserved 1179648K
  class space    used 10076K, committed 10368K, reserved 1048576K
}
Event: 61464.560 GC heap after
{Heap after GC invocations=120 (full 1):
 garbage-first heap   total 192512K, used 46673K [0x0000000082000000, 0x0000000100000000)
  region size 1024K, 1 young (1024K), 1 survivors (1024K)
 Metaspace       used 76577K, committed 77184K, reserved 1179648K
  class space    used 10076K, committed 10368K, reserved 1048576K
}
Event: 61678.247 GC heap before
{Heap before GC invocations=120 (full 1):
 garbage-first heap   total 192512K, used 156241K [0x0000000082000000, 0x0000000100000000)
  region size 1024K, 108 young (110592K), 1 survivors (1024K)
 Metaspace       used 76751K, committed 77312K, reserved 1179648K
  class space    used 10085K, committed 10368K, reserved 1048576K
}
Event: 61678.307 GC heap after
{Heap after GC invocations=121 (full 1):
 garbage-first heap   total 192512K, used 51862K [0x0000000082000000, 0x0000000100000000)
  region size 1024K, 6 young (6144K), 6 survivors (6144K)
 Metaspace       used 76751K, committed 77312K, reserved 1179648K
  class space    used 10085K, committed 10368K, reserved 1048576K
}

