# JRE version: OpenJDK Runtime Environment Temurin-17.0.10+7 (17.0.10+7) (build 17.0.10+7)
# Java VM: OpenJDK 64-Bit Server VM Temurin-17.0.10+7 (17.0.10+7, mixed mode, emulated-client, tiered, compressed oops, compressed class ptrs, g1 gc, windows-amd64)
GC Precious Log:
 CPUs: 8 total, 8 available
 Memory: 8056M
 Large Page Support: Disabled
 NUMA Support: Disabled
 Compressed Oops: Enabled (32-bit)
 Heap Region Size: 1M
 Heap Min Capacity: 8M
 Heap Initial Capacity: 126M
 Heap Max Capacity: 1G
 Pre-touch: Disabled
 Parallel Workers: 8
 Concurrent Workers: 2
 Concurrent Refinement Workers: 8
 Periodic GC: Disabled
Heap:
 garbage-first heap   total 103424K, used 38021K [0x00000000c0000000, 0x0000000100000000)
  region size 1024K, 1 young (1024K), 0 survivors (0K)
 Metaspace       used 61552K, committed 62080K, reserved 1114112K
  class space    used 7748K, committed 8000K, reserved 1048576K
GC Heap History (20 events):
Event: 201873.576 GC heap before
{Heap before GC invocations=15612 (full 14955):
 garbage-first heap   total 103424K, used 38021K [0x00000000c0000000, 0x0000000100000000)
  region size 1024K, 1 young (1024K), 0 survivors (0K)
 Metaspace       used 61552K, committed 62080K, reserved 1114112K
  class space    used 7748K, committed 8000K, reserved 1048576K
}
Event: 201873.639 GC heap after
{Heap after GC invocations=15613 (full 14956):
 garbage-first heap   total 103424K, used 38021K [0x00000000c0000000, 0x0000000100000000)
  region size 1024K, 0 young (0K), 0 survivors (0K)
 Metaspace       used 61552K, committed 62080K, reserved 1114112K
  class space    used 7748K, committed 8000K, reserved 1048576K
}
Event: 201883.875 GC heap before
{Heap before GC invocations=15613 (full 14956):
 garbage-first heap   total 103424K, used 38021K [0x00000000c0000000, 0x0000000100000000)
  region size 1024K, 1 young (1024K), 0 survivors (0K)
 Metaspace       used 61552K, committed 62080K, reserved 1114112K
  class space    used 7748K, committed 8000K, reserved 1048576K
}
Event: 201883.915 GC heap after
{Heap after GC invocations=15614 (full 14957):
 garbage-first heap   total 103424K, used 38021K [0x00000000c0000000, 0x0000000100000000)
  region size 1024K, 0 young (0K), 0 survivors (0K)
 Metaspace       used 61552K, committed 62080K, reserved 1114112K
  class space    used 7748K, committed 8000K, reserved 1048576K
}
Event: 201894.098 GC heap before
{Heap before GC invocations=15614 (full 14957):
 garbage-first heap   total 103424K, used 38021K [0x00000000c0000000, 0x0000000100000000)
  region size 1024K, 1 young (1024K), 0 survivors (0K)
 Metaspace       used 61552K, committed 62080K, reserved 1114112K
  class space    used 7748K, committed 8000K, reserved 1048576K
}
Event: 201894.135 GC heap after
{Heap after GC invocations=15615 (full 14958):
 garbage-first heap   total 103424K, used 38021K [0x00000000c0000000, 0x0000000100000000)
  region size 1024K, 0 young (0K), 0 survivors (0K)
 Metaspace       used 61552K, committed 62080K, reserved 1114112K
  class space    used 7748K, committed 8000K, reserved 1048576K
}
Event: 201904.434 GC heap before
{Heap before GC invocations=15615 (full 14958):
 garbage-first heap   total 103424K, used 38021K [0x00000000c0000000, 0x0000000100000000)
  region size 1024K, 1 young (1024K), 0 survivors (0K)
 Metaspace       used 61552K, committed 62080K, reserved 1114112K
  class space    used 7748K, committed 8000K, reserved 1048576K
}
Event: 201904.489 GC heap after
{Heap after GC invocations=15616 (full 14959):
 garbage-first heap   total 103424K, used 38021K [0x00000000c0000000, 0x0000000100000000)
  region size 1024K, 0 young (0K), 0 survivors (0K)
 Metaspace       used 61552K, committed 62080K, reserved 1114112K
  class space    used 7748K, committed 8000K, reserved 1048576K
}
Event: 201914.686 GC heap before
{Heap before GC invocations=15616 (full 14959):
 garbage-first heap   total 103424K, used 38021K [0x00000000c0000000, 0x0000000100000000)
  region size 1024K, 1 young (1024K), 0 survivors (0K)
 Metaspace       used 61552K, committed 62080K, reserved 1114112K
  class space    used 7748K, committed 8000K, reserved 1048576K
}
Event: 201914.732 GC heap after
{Heap after GC invocations=15617 (full 14960):
 garbage-first heap   total 103424K, used 38021K [0x00000000c0000000, 0x0000000100000000)
  region size 1024K, 0 young (0K), 0 survivors (0K)
 Metaspace       used 61552K, committed 62080K, reserved 1114112K
  class space    used 7748K, committed 8000K, reserved 1048576K
}
Event: 201924.914 GC heap before
{Heap before GC invocations=15617 (full 14960):
 garbage-first heap   total 103424K, used 38021K [0x00000000c0000000, 0x0000000100000000)
  region size 1024K, 1 young (1024K), 0 survivors (0K)
 Metaspace       used 61552K, committed 62080K, reserved 1114112K
  class space    used 7748K, committed 8000K, reserved 1048576K
}
Event: 201924.951 GC heap after
{Heap after GC invocations=15618 (full 14961):
 garbage-first heap   total 103424K, used 38021K [0x00000000c0000000, 0x0000000100000000)
  region size 1024K, 0 young (0K), 0 survivors (0K)
 Metaspace       used 61552K, committed 62080K, reserved 1114112K
  class space    used 7748K, committed 8000K, reserved 1048576K
}
Event: 201935.203 GC heap before
{Heap before GC invocations=15618 (full 14961):
 garbage-first heap   total 103424K, used 38021K [0x00000000c0000000, 0x0000000100000000)
  region size 1024K, 1 young (1024K), 0 survivors (0K)
 Metaspace       used 61552K, committed 62080K, reserved 1114112K
  class space    used 7748K, committed 8000K, reserved 1048576K
}
Event: 201935.237 GC heap after
{Heap after GC invocations=15619 (full 14962):
 garbage-first heap   total 103424K, used 38021K [0x00000000c0000000, 0x0000000100000000)
  region size 1024K, 0 young (0K), 0 survivors (0K)
 Metaspace       used 61552K, committed 62080K, reserved 1114112K
  class space    used 7748K, committed 8000K, reserved 1048576K
}
Event: 201945.481 GC heap before
{Heap before GC invocations=15619 (full 14962):
 garbage-first heap   total 103424K, used 38021K [0x00000000c0000000, 0x0000000100000000)
  region size 1024K, 1 young (1024K), 0 survivors (0K)
 Metaspace       used 61552K, committed 62080K, reserved 1114112K
  class space    used 7748K, committed 8000K, reserved 1048576K
}
Event: 201945.525 GC heap after
{Heap after GC invocations=15620 (full 14963):
 garbage-first heap   total 103424K, used 38021K [0x00000000c0000000, 0x0000000100000000)
  region size 1024K, 0 young (0K), 0 survivors (0K)
 Metaspace       used 61552K, committed 62080K, reserved 1114112K
  class space    used 7748K, committed 8000K, reserved 1048576K
}
Event: 201955.720 GC heap before
{Heap before GC invocations=15620 (full 14963):
 garbage-first heap   total 103424K, used 38021K [0x00000000c0000000, 0x0000000100000000)
  region size 1024K, 1 young (1024K), 0 survivors (0K)
 Metaspace       used 61552K, committed 62080K, reserved 1114112K
  class space    used 7748K, committed 8000K, reserved 1048576K
}
Event: 201955.758 GC heap after
{Heap after GC invocations=15621 (full 14964):
 garbage-first heap   total 103424K, used 38021K [0x00000000c0000000, 0x0000000100000000)
  region size 1024K, 0 young (0K), 0 survivors (0K)
 Metaspace       used 61552K, committed 62080K, reserved 1114112K
  class space    used 7748K, committed 8000K, reserved 1048576K
}
Event: 201965.941 GC heap before
{Heap before GC invocations=15621 (full 14964):
 garbage-first heap   total 103424K, used 38021K [0x00000000c0000000, 0x0000000100000000)
  region size 1024K, 1 young (1024K), 0 survivors (0K)
 Metaspace       used 61552K, committed 62080K, reserved 1114112K
  class space    used 7748K, committed 8000K, reserved 1048576K
}
Event: 201965.976 GC heap after
{Heap after GC invocations=15622 (full 14965):
 garbage-first heap   total 103424K, used 38021K [0x00000000c0000000, 0x0000000100000000)
  region size 1024K, 0 young (0K), 0 survivors (0K)
 Metaspace       used 61552K, committed 62080K, reserved 1114112K
  class space    used 7748K, committed 8000K, reserved 1048576K
}

