# JRE version: OpenJDK Runtime Environment Zulu17.44+15-CA (17.0.8+7) (build 17.0.8+7-LTS)
# Java VM: OpenJDK 64-Bit Server VM Zulu17.44+15-CA (17.0.8+7-LTS, mixed mode, sharing, tiered, compressed oops, compressed class ptrs, g1 gc, windows-amd64)
GC Precious Log:
 CPUs: 8 total, 8 available
 Memory: 8056M
 Large Page Support: Disabled
 NUMA Support: Disabled
 Compressed Oops: Enabled (32-bit)
 Heap Region Size: 1M
 Heap Min Capacity: 8M
 Heap Initial Capacity: 126M
 Heap Max Capacity: 2016M
 Pre-touch: Disabled
 Parallel Workers: 8
 Concurrent Workers: 2
 Concurrent Refinement Workers: 8
 Periodic GC: Disabled
Heap:
 garbage-first heap   total 58368K, used 34676K [0x0000000082000000, 0x0000000100000000)
  region size 1024K, 6 young (6144K), 2 survivors (2048K)
 Metaspace       used 63774K, committed 64320K, reserved 1114112K
  class space    used 8646K, committed 8896K, reserved 1048576K
GC Heap History (20 events):
Event: 9.126 GC heap before
{Heap before GC invocations=14 (full 0):
 garbage-first heap   total 48128K, used 37816K [0x0000000082000000, 0x0000000100000000)
  region size 1024K, 17 young (17408K), 2 survivors (2048K)
 Metaspace       used 41416K, committed 41920K, reserved 1114112K
  class space    used 5418K, committed 5632K, reserved 1048576K
}
Event: 9.129 GC heap after
{Heap after GC invocations=15 (full 0):
 garbage-first heap   total 48128K, used 22972K [0x0000000082000000, 0x0000000100000000)
  region size 1024K, 3 young (3072K), 3 survivors (3072K)
 Metaspace       used 41416K, committed 41920K, reserved 1114112K
  class space    used 5418K, committed 5632K, reserved 1048576K
}
Event: 10.003 GC heap before
{Heap before GC invocations=15 (full 0):
 garbage-first heap   total 48128K, used 38332K [0x0000000082000000, 0x0000000100000000)
  region size 1024K, 18 young (18432K), 3 survivors (3072K)
 Metaspace       used 46051K, committed 46592K, reserved 1114112K
  class space    used 6005K, committed 6272K, reserved 1048576K
}
Event: 10.008 GC heap after
{Heap after GC invocations=16 (full 0):
 garbage-first heap   total 48128K, used 24168K [0x0000000082000000, 0x0000000100000000)
  region size 1024K, 3 young (3072K), 3 survivors (3072K)
 Metaspace       used 46051K, committed 46592K, reserved 1114112K
  class space    used 6005K, committed 6272K, reserved 1048576K
}
Event: 10.547 GC heap before
{Heap before GC invocations=16 (full 0):
 garbage-first heap   total 48128K, used 38504K [0x0000000082000000, 0x0000000100000000)
  region size 1024K, 18 young (18432K), 3 survivors (3072K)
 Metaspace       used 49045K, committed 49600K, reserved 1114112K
  class space    used 6383K, committed 6656K, reserved 1048576K
}
Event: 10.552 GC heap after
{Heap after GC invocations=17 (full 0):
 garbage-first heap   total 48128K, used 24923K [0x0000000082000000, 0x0000000100000000)
  region size 1024K, 2 young (2048K), 2 survivors (2048K)
 Metaspace       used 49045K, committed 49600K, reserved 1114112K
  class space    used 6383K, committed 6656K, reserved 1048576K
}
Event: 11.045 GC heap before
{Heap before GC invocations=17 (full 0):
 garbage-first heap   total 48128K, used 38235K [0x0000000082000000, 0x0000000100000000)
  region size 1024K, 16 young (16384K), 2 survivors (2048K)
 Metaspace       used 53600K, committed 54080K, reserved 1114112K
  class space    used 7059K, committed 7296K, reserved 1048576K
}
Event: 11.050 GC heap after
{Heap after GC invocations=18 (full 0):
 garbage-first heap   total 48128K, used 25598K [0x0000000082000000, 0x0000000100000000)
  region size 1024K, 2 young (2048K), 2 survivors (2048K)
 Metaspace       used 53600K, committed 54080K, reserved 1114112K
  class space    used 7059K, committed 7296K, reserved 1048576K
}
Event: 11.770 GC heap before
{Heap before GC invocations=19 (full 0):
 garbage-first heap   total 48128K, used 38910K [0x0000000082000000, 0x0000000100000000)
  region size 1024K, 15 young (15360K), 2 survivors (2048K)
 Metaspace       used 56382K, committed 56896K, reserved 1114112K
  class space    used 7629K, committed 7872K, reserved 1048576K
}
Event: 11.773 GC heap after
{Heap after GC invocations=20 (full 0):
 garbage-first heap   total 48128K, used 26268K [0x0000000082000000, 0x0000000100000000)
  region size 1024K, 2 young (2048K), 2 survivors (2048K)
 Metaspace       used 56382K, committed 56896K, reserved 1114112K
  class space    used 7629K, committed 7872K, reserved 1048576K
}
Event: 12.238 GC heap before
{Heap before GC invocations=20 (full 0):
 garbage-first heap   total 48128K, used 39580K [0x0000000082000000, 0x0000000100000000)
  region size 1024K, 15 young (15360K), 2 survivors (2048K)
 Metaspace       used 58940K, committed 59456K, reserved 1114112K
  class space    used 8020K, committed 8256K, reserved 1048576K
}
Event: 12.243 GC heap after
{Heap after GC invocations=21 (full 0):
 garbage-first heap   total 48128K, used 27166K [0x0000000082000000, 0x0000000100000000)
  region size 1024K, 2 young (2048K), 2 survivors (2048K)
 Metaspace       used 58940K, committed 59456K, reserved 1114112K
  class space    used 8020K, committed 8256K, reserved 1048576K
}
Event: 12.620 GC heap before
{Heap before GC invocations=22 (full 0):
 garbage-first heap   total 51200K, used 38430K [0x0000000082000000, 0x0000000100000000)
  region size 1024K, 13 young (13312K), 2 survivors (2048K)
 Metaspace       used 60535K, committed 61120K, reserved 1114112K
  class space    used 8164K, committed 8448K, reserved 1048576K
}
Event: 12.623 GC heap after
{Heap after GC invocations=23 (full 0):
 garbage-first heap   total 51200K, used 28064K [0x0000000082000000, 0x0000000100000000)
  region size 1024K, 2 young (2048K), 2 survivors (2048K)
 Metaspace       used 60535K, committed 61120K, reserved 1114112K
  class space    used 8164K, committed 8448K, reserved 1048576K
}
Event: 12.930 GC heap before
{Heap before GC invocations=23 (full 0):
 garbage-first heap   total 51200K, used 42400K [0x0000000082000000, 0x0000000100000000)
  region size 1024K, 16 young (16384K), 2 survivors (2048K)
 Metaspace       used 61592K, committed 62144K, reserved 1114112K
  class space    used 8343K, committed 8576K, reserved 1048576K
}
Event: 12.935 GC heap after
{Heap after GC invocations=24 (full 0):
 garbage-first heap   total 51200K, used 28938K [0x0000000082000000, 0x0000000100000000)
  region size 1024K, 2 young (2048K), 2 survivors (2048K)
 Metaspace       used 61592K, committed 62144K, reserved 1114112K
  class space    used 8343K, committed 8576K, reserved 1048576K
}
Event: 13.290 GC heap before
{Heap before GC invocations=25 (full 0):
 garbage-first heap   total 53248K, used 41226K [0x0000000082000000, 0x0000000100000000)
  region size 1024K, 14 young (14336K), 2 survivors (2048K)
 Metaspace       used 62411K, committed 62976K, reserved 1114112K
  class space    used 8457K, committed 8704K, reserved 1048576K
}
Event: 13.294 GC heap after
{Heap after GC invocations=26 (full 0):
 garbage-first heap   total 53248K, used 29778K [0x0000000082000000, 0x0000000100000000)
  region size 1024K, 2 young (2048K), 2 survivors (2048K)
 Metaspace       used 62411K, committed 62976K, reserved 1114112K
  class space    used 8457K, committed 8704K, reserved 1048576K
}
Event: 13.532 GC heap before
{Heap before GC invocations=26 (full 0):
 garbage-first heap   total 53248K, used 43090K [0x0000000082000000, 0x0000000100000000)
  region size 1024K, 15 young (15360K), 2 survivors (2048K)
 Metaspace       used 62767K, committed 63296K, reserved 1114112K
  class space    used 8500K, committed 8768K, reserved 1048576K
}
Event: 13.536 GC heap after
{Heap after GC invocations=27 (full 0):
 garbage-first heap   total 53248K, used 30809K [0x0000000082000000, 0x0000000100000000)
  region size 1024K, 2 young (2048K), 2 survivors (2048K)
 Metaspace       used 62767K, committed 63296K, reserved 1114112K
  class space    used 8500K, committed 8768K, reserved 1048576K
}

